Alpaca Trade Log - 2025-10-29 13:42:45.143801
======================================================================

ORDERS:
  OPEN   EIX    buy  $    50,000
    Reason: New long: $50,000
  OPEN   TAP    buy  $    50,000
    Reason: New long: $50,000
  OPEN   GIS    buy  $    50,000
    Reason: New long: $50,000
  OPEN   BG     buy  $    50,000
    Reason: New long: $50,000
  OPEN   DVN    buy  $    50,000
    Reason: New long: $50,000
  OPEN   CAG    buy  $    50,000
    Reason: New long: $50,000
  OPEN   APA    buy  $    50,000
    Reason: New long: $50,000
  OPEN   CMCSA  buy  $    50,000
    Reason: New long: $50,000
  OPEN   AES    buy  $    50,000
    Reason: New long: $50,000
  OPEN   TGT    buy  $    50,000
    Reason: New long: $50,000
  OPEN   ABBV   sell $    50,000
    Reason: New short: $50,000
  OPEN   VTR    sell $    50,000
    Reason: New short: $50,000
  OPEN   FIS    sell $    50,000
    Reason: New short: $50,000
  OPEN   DD     sell $    50,000
    Reason: New short: $50,000
  OPEN   TECH   sell $    50,000
    Reason: New short: $50,000
  OPEN   NRG    sell $    50,000
    Reason: New short: $50,000
  OPEN   TSLA   sell $    50,000
    Reason: New short: $50,000
  OPEN   DDOG   sell $    50,000
    Reason: New short: $50,000
  OPEN   AXON   sell $    50,000
    Reason: New short: $50,000
  OPEN   WTW    sell $    50,000
    Reason: New short: $50,000

======================================================================

