Alpaca Trade Log - 2025-10-29 14:00:57.551361
======================================================================

ORDERS:
  CLOSE  ENPH   sell $   188,684
    Reason: Not in target portfolio
  OPEN   EIX    buy  $     4,968
    Reason: New long: $4,968
  OPEN   TAP    buy  $     4,968
    Reason: New long: $4,968
  OPEN   GIS    buy  $     4,968
    Reason: New long: $4,968
  OPEN   BG     buy  $     4,968
    Reason: New long: $4,968
  OPEN   DVN    buy  $     4,968
    Reason: New long: $4,968
  OPEN   CAG    buy  $     4,968
    Reason: New long: $4,968
  OPEN   APA    buy  $     4,968
    Reason: New long: $4,968
  OPEN   CMCSA  buy  $     4,968
    Reason: New long: $4,968
  OPEN   AES    buy  $     4,968
    Reason: New long: $4,968
  OPEN   TGT    buy  $     4,968
    Reason: New long: $4,968
  OPEN   ABBV   sell $     4,968
    Reason: New short: $4,968
  OPEN   VTR    sell $     4,968
    Reason: New short: $4,968
  OPEN   FIS    sell $     4,968
    Reason: New short: $4,968
  OPEN   DD     sell $     4,968
    Reason: New short: $4,968
  OPEN   TECH   sell $     4,968
    Reason: New short: $4,968
  OPEN   NRG    sell $     4,968
    Reason: New short: $4,968
  OPEN   TSLA   sell $     4,968
    Reason: New short: $4,968
  OPEN   DDOG   sell $     4,968
    Reason: New short: $4,968
  OPEN   AXON   sell $     4,968
    Reason: New short: $4,968
  OPEN   WTW    sell $     4,968
    Reason: New short: $4,968

======================================================================

