Alpaca Trade Log - 2025-10-29 13:41:23.609852
======================================================================

ORDERS:
  OPEN   EIX    buy  $    50,000
    Reason: New position: $50,000
  OPEN   TAP    buy  $    50,000
    Reason: New position: $50,000
  OPEN   GIS    buy  $    50,000
    Reason: New position: $50,000
  OPEN   BG     buy  $    50,000
    Reason: New position: $50,000
  OPEN   DVN    buy  $    50,000
    Reason: New position: $50,000
  OPEN   CAG    buy  $    50,000
    Reason: New position: $50,000
  OPEN   APA    buy  $    50,000
    Reason: New position: $50,000
  OPEN   CMCSA  buy  $    50,000
    Reason: New position: $50,000
  OPEN   AES    buy  $    50,000
    Reason: New position: $50,000
  OPEN   TGT    buy  $    50,000
    Reason: New position: $50,000
  OPEN   ABBV   buy  $    50,000
    Reason: New position: $50,000
  OPEN   VTR    buy  $    50,000
    Reason: New position: $50,000
  OPEN   FIS    buy  $    50,000
    Reason: New position: $50,000
  OPEN   DD     buy  $    50,000
    Reason: New position: $50,000
  OPEN   TECH   buy  $    50,000
    Reason: New position: $50,000
  OPEN   NRG    buy  $    50,000
    Reason: New position: $50,000
  OPEN   TSLA   buy  $    50,000
    Reason: New position: $50,000
  OPEN   DDOG   buy  $    50,000
    Reason: New position: $50,000
  OPEN   AXON   buy  $    50,000
    Reason: New position: $50,000
  OPEN   WTW    buy  $    50,000
    Reason: New position: $50,000

======================================================================

