Alpaca Trade Log - 2025-10-29 13:57:11.342160
======================================================================

ORDERS:
  CLOSE  ENPH   sell $   188,219
    Reason: Not in target portfolio
  OPEN   EIX    buy  $     4,944
    Reason: New long: $4,944
  OPEN   TAP    buy  $     4,944
    Reason: New long: $4,944
  OPEN   GIS    buy  $     4,944
    Reason: New long: $4,944
  OPEN   BG     buy  $     4,944
    Reason: New long: $4,944
  OPEN   DVN    buy  $     4,944
    Reason: New long: $4,944
  OPEN   CAG    buy  $     4,944
    Reason: New long: $4,944
  OPEN   APA    buy  $     4,944
    Reason: New long: $4,944
  OPEN   CMCSA  buy  $     4,944
    Reason: New long: $4,944
  OPEN   AES    buy  $     4,944
    Reason: New long: $4,944
  OPEN   TGT    buy  $     4,944
    Reason: New long: $4,944
  OPEN   ABBV   sell $     4,944
    Reason: New short: $4,944
  OPEN   VTR    sell $     4,944
    Reason: New short: $4,944
  OPEN   FIS    sell $     4,944
    Reason: New short: $4,944
  OPEN   DD     sell $     4,944
    Reason: New short: $4,944
  OPEN   TECH   sell $     4,944
    Reason: New short: $4,944
  OPEN   NRG    sell $     4,944
    Reason: New short: $4,944
  OPEN   TSLA   sell $     4,944
    Reason: New short: $4,944
  OPEN   DDOG   sell $     4,944
    Reason: New short: $4,944
  OPEN   AXON   sell $     4,944
    Reason: New short: $4,944
  OPEN   WTW    sell $     4,944
    Reason: New short: $4,944

======================================================================

